# JRE version: OpenJDK Runtime Environment Temurin-22.0.2+9 (22.0.2+9) (build 22.0.2+9)
# Java VM: OpenJDK 64-Bit Server VM Temurin-22.0.2+9 (22.0.2+9, mixed mode, tiered, compressed oops, compressed class ptrs, g1 gc, windows-amd64)
GC Precious Log:
 CardTable entry size: 512
 Card Set container configuration: InlinePtr #cards 4 size 8 Array Of Cards #cards 16 size 48 Howl #buckets 8 coarsen threshold 3686 Howl Bitmap #cards 512 size 80 coarsen threshold 460 Card regions per heap region 1 cards per card region 4096
 CPUs: 8 total, 8 available
 Memory: 12030M
 Large Page Support: Disabled
 NUMA Support: Disabled
 Compressed Oops: Enabled (Zero based)
 Heap Region Size: 2M
 Heap Min Capacity: 8M
 Heap Initial Capacity: 188M
 Heap Max Capacity: 3008M
 Pre-touch: Disabled
 Parallel Workers: 8
 Concurrent Workers: 2
 Concurrent Refinement Workers: 8
 Periodic GC: Disabled
Heap:
 garbage-first heap   total reserved 3080192K, committed 71680K, used 25930K [0x0000000744000000, 0x0000000800000000)
  region size 2048K, 1 young (2048K), 1 survivors (2048K)
 Metaspace       used 51474K, committed 52160K, reserved 1114112K
  class space    used 6297K, committed 6592K, reserved 1048576K
GC Heap History (19 events):
Event: 1.119 GC heap before
{Heap before GC invocations=0 (full 0):
 garbage-first heap   total reserved 3080192K, committed 192512K, used 22528K [0x0000000744000000, 0x0000000800000000)
  region size 2048K, 12 young (24576K), 0 survivors (0K)
 Metaspace       used 14686K, committed 14912K, reserved 1114112K
  class space    used 1450K, committed 1536K, reserved 1048576K
}
Event: 1.123 GC heap after
{Heap after GC invocations=1 (full 0):
 garbage-first heap   total reserved 3080192K, committed 192512K, used 7831K [0x0000000744000000, 0x0000000800000000)
  region size 2048K, 2 young (4096K), 2 survivors (4096K)
 Metaspace       used 14686K, committed 14912K, reserved 1114112K
  class space    used 1450K, committed 1536K, reserved 1048576K
}
Event: 1.625 GC heap before
{Heap before GC invocations=1 (full 0):
 garbage-first heap   total reserved 3080192K, committed 192512K, used 30359K [0x0000000744000000, 0x0000000800000000)
  region size 2048K, 14 young (28672K), 2 survivors (4096K)
 Metaspace       used 21220K, committed 21504K, reserved 1114112K
  class space    used 2197K, committed 2304K, reserved 1048576K
}
Event: 1.630 GC heap after
{Heap after GC invocations=2 (full 0):
 garbage-first heap   total reserved 3080192K, committed 192512K, used 10253K [0x0000000744000000, 0x0000000800000000)
  region size 2048K, 1 young (2048K), 1 survivors (2048K)
 Metaspace       used 21220K, committed 21504K, reserved 1114112K
  class space    used 2197K, committed 2304K, reserved 1048576K
}
Event: 2.330 GC heap before
{Heap before GC invocations=3 (full 0):
 garbage-first heap   total reserved 3080192K, committed 40960K, used 36877K [0x0000000744000000, 0x0000000800000000)
  region size 2048K, 15 young (30720K), 1 survivors (2048K)
 Metaspace       used 27136K, committed 27584K, reserved 1114112K
  class space    used 2993K, committed 3200K, reserved 1048576K
}
Event: 2.335 GC heap after
{Heap after GC invocations=4 (full 0):
 garbage-first heap   total reserved 3080192K, committed 49152K, used 14605K [0x0000000744000000, 0x0000000800000000)
  region size 2048K, 4 young (8192K), 4 survivors (8192K)
 Metaspace       used 27136K, committed 27584K, reserved 1114112K
  class space    used 2993K, committed 3200K, reserved 1048576K
}
Event: 2.607 GC heap before
{Heap before GC invocations=4 (full 0):
 garbage-first heap   total reserved 3080192K, committed 49152K, used 33037K [0x0000000744000000, 0x0000000800000000)
  region size 2048K, 13 young (26624K), 4 survivors (8192K)
 Metaspace       used 29848K, committed 30208K, reserved 1114112K
  class space    used 3282K, committed 3456K, reserved 1048576K
}
Event: 2.611 GC heap after
{Heap after GC invocations=5 (full 0):
 garbage-first heap   total reserved 3080192K, committed 49152K, used 15980K [0x0000000744000000, 0x0000000800000000)
  region size 2048K, 2 young (4096K), 2 survivors (4096K)
 Metaspace       used 29848K, committed 30208K, reserved 1114112K
  class space    used 3282K, committed 3456K, reserved 1048576K
}
Event: 2.666 GC heap before
{Heap before GC invocations=5 (full 0):
 garbage-first heap   total reserved 3080192K, committed 49152K, used 34412K [0x0000000744000000, 0x0000000800000000)
  region size 2048K, 11 young (22528K), 2 survivors (4096K)
 Metaspace       used 29920K, committed 30272K, reserved 1114112K
  class space    used 3283K, committed 3456K, reserved 1048576K
}
Event: 2.669 GC heap after
{Heap after GC invocations=6 (full 0):
 garbage-first heap   total reserved 3080192K, committed 49152K, used 18718K [0x0000000744000000, 0x0000000800000000)
  region size 2048K, 2 young (4096K), 2 survivors (4096K)
 Metaspace       used 29920K, committed 30272K, reserved 1114112K
  class space    used 3283K, committed 3456K, reserved 1048576K
}
Event: 2.952 GC heap before
{Heap before GC invocations=6 (full 0):
 garbage-first heap   total reserved 3080192K, committed 49152K, used 35102K [0x0000000744000000, 0x0000000800000000)
  region size 2048K, 11 young (22528K), 2 survivors (4096K)
 Metaspace       used 33310K, committed 33856K, reserved 1114112K
  class space    used 3803K, committed 4032K, reserved 1048576K
}
Event: 2.955 GC heap after
{Heap after GC invocations=7 (full 0):
 garbage-first heap   total reserved 3080192K, committed 49152K, used 20451K [0x0000000744000000, 0x0000000800000000)
  region size 2048K, 1 young (2048K), 1 survivors (2048K)
 Metaspace       used 33310K, committed 33856K, reserved 1114112K
  class space    used 3803K, committed 4032K, reserved 1048576K
}
Event: 3.208 GC heap before
{Heap before GC invocations=7 (full 0):
 garbage-first heap   total reserved 3080192K, committed 49152K, used 28643K [0x0000000744000000, 0x0000000800000000)
  region size 2048K, 7 young (14336K), 1 survivors (2048K)
 Metaspace       used 35447K, committed 35968K, reserved 1114112K
  class space    used 4238K, committed 4480K, reserved 1048576K
}
Event: 3.211 GC heap after
{Heap after GC invocations=8 (full 0):
 garbage-first heap   total reserved 3080192K, committed 71680K, used 21167K [0x0000000744000000, 0x0000000800000000)
  region size 2048K, 2 young (4096K), 2 survivors (4096K)
 Metaspace       used 35447K, committed 35968K, reserved 1114112K
  class space    used 4238K, committed 4480K, reserved 1048576K
}
Event: 6.403 GC heap before
{Heap before GC invocations=9 (full 0):
 garbage-first heap   total reserved 3080192K, committed 71680K, used 51887K [0x0000000744000000, 0x0000000800000000)
  region size 2048K, 18 young (36864K), 2 survivors (4096K)
 Metaspace       used 41965K, committed 42624K, reserved 1114112K
  class space    used 5195K, committed 5440K, reserved 1048576K
}
Event: 6.409 GC heap after
{Heap after GC invocations=10 (full 0):
 garbage-first heap   total reserved 3080192K, committed 71680K, used 23260K [0x0000000744000000, 0x0000000800000000)
  region size 2048K, 3 young (6144K), 3 survivors (6144K)
 Metaspace       used 41965K, committed 42624K, reserved 1114112K
  class space    used 5195K, committed 5440K, reserved 1048576K
}
Event: 17.548 GC heap before
{Heap before GC invocations=10 (full 0):
 garbage-first heap   total reserved 3080192K, committed 71680K, used 53980K [0x0000000744000000, 0x0000000800000000)
  region size 2048K, 19 young (38912K), 3 survivors (6144K)
 Metaspace       used 48971K, committed 49600K, reserved 1114112K
  class space    used 5965K, committed 6208K, reserved 1048576K
}
Event: 17.553 GC heap after
{Heap after GC invocations=11 (full 0):
 garbage-first heap   total reserved 3080192K, committed 71680K, used 24633K [0x0000000744000000, 0x0000000800000000)
  region size 2048K, 3 young (6144K), 3 survivors (6144K)
 Metaspace       used 48971K, committed 49600K, reserved 1114112K
  class space    used 5965K, committed 6208K, reserved 1048576K
}
Event: 21.093 GC heap before
{Heap before GC invocations=11 (full 0):
 garbage-first heap   total reserved 3080192K, committed 71680K, used 57401K [0x0000000744000000, 0x0000000800000000)
  region size 2048K, 19 young (38912K), 3 survivors (6144K)
 Metaspace       used 51467K, committed 52160K, reserved 1114112K
  class space    used 6295K, committed 6592K, reserved 1048576K
}

