# JRE version: OpenJDK Runtime Environment Temurin-22.0.2+9 (22.0.2+9) (build 22.0.2+9)
# Java VM: OpenJDK 64-Bit Server VM Temurin-22.0.2+9 (22.0.2+9, mixed mode, tiered, compressed oops, compressed class ptrs, g1 gc, windows-amd64)
GC Precious Log:
 CardTable entry size: 512
 Card Set container configuration: InlinePtr #cards 4 size 8 Array Of Cards #cards 16 size 48 Howl #buckets 8 coarsen threshold 3686 Howl Bitmap #cards 512 size 80 coarsen threshold 460 Card regions per heap region 1 cards per card region 4096
 CPUs: 8 total, 8 available
 Memory: 12030M
 Large Page Support: Disabled
 NUMA Support: Disabled
 Compressed Oops: Enabled (Zero based)
 Heap Region Size: 2M
 Heap Min Capacity: 8M
 Heap Initial Capacity: 188M
 Heap Max Capacity: 3008M
 Pre-touch: Disabled
 Parallel Workers: 8
 Concurrent Workers: 2
 Concurrent Refinement Workers: 8
 Periodic GC: Disabled
Heap:
 garbage-first heap   total reserved 3080192K, committed 114688K, used 52690K [0x0000000744000000, 0x0000000800000000)
  region size 2048K, 19 young (38912K), 3 survivors (6144K)
 Metaspace       used 49847K, committed 50560K, reserved 1114112K
  class space    used 6086K, committed 6400K, reserved 1048576K
GC Heap History (18 events):
Event: 0.888 GC heap before
{Heap before GC invocations=0 (full 0):
 garbage-first heap   total reserved 3080192K, committed 192512K, used 22528K [0x0000000744000000, 0x0000000800000000)
  region size 2048K, 12 young (24576K), 0 survivors (0K)
 Metaspace       used 14675K, committed 14912K, reserved 1114112K
  class space    used 1450K, committed 1536K, reserved 1048576K
}
Event: 0.893 GC heap after
{Heap after GC invocations=1 (full 0):
 garbage-first heap   total reserved 3080192K, committed 192512K, used 7923K [0x0000000744000000, 0x0000000800000000)
  region size 2048K, 2 young (4096K), 2 survivors (4096K)
 Metaspace       used 14675K, committed 14912K, reserved 1114112K
  class space    used 1450K, committed 1536K, reserved 1048576K
}
Event: 1.391 GC heap before
{Heap before GC invocations=1 (full 0):
 garbage-first heap   total reserved 3080192K, committed 192512K, used 30451K [0x0000000744000000, 0x0000000800000000)
  region size 2048K, 14 young (28672K), 2 survivors (4096K)
 Metaspace       used 21219K, committed 21504K, reserved 1114112K
  class space    used 2197K, committed 2304K, reserved 1048576K
}
Event: 1.397 GC heap after
{Heap after GC invocations=2 (full 0):
 garbage-first heap   total reserved 3080192K, committed 192512K, used 10072K [0x0000000744000000, 0x0000000800000000)
  region size 2048K, 1 young (2048K), 1 survivors (2048K)
 Metaspace       used 21219K, committed 21504K, reserved 1114112K
  class space    used 2197K, committed 2304K, reserved 1048576K
}
Event: 1.982 GC heap before
{Heap before GC invocations=3 (full 0):
 garbage-first heap   total reserved 3080192K, committed 34816K, used 28504K [0x0000000744000000, 0x0000000800000000)
  region size 2048K, 10 young (20480K), 1 survivors (2048K)
 Metaspace       used 24986K, committed 25408K, reserved 1114112K
  class space    used 2771K, committed 2944K, reserved 1048576K
}
Event: 1.986 GC heap after
{Heap after GC invocations=4 (full 0):
 garbage-first heap   total reserved 3080192K, committed 34816K, used 11749K [0x0000000744000000, 0x0000000800000000)
  region size 2048K, 2 young (4096K), 2 survivors (4096K)
 Metaspace       used 24986K, committed 25408K, reserved 1114112K
  class space    used 2771K, committed 2944K, reserved 1048576K
}
Event: 2.246 GC heap before
{Heap before GC invocations=4 (full 0):
 garbage-first heap   total reserved 3080192K, committed 34816K, used 24037K [0x0000000744000000, 0x0000000800000000)
  region size 2048K, 9 young (18432K), 2 survivors (4096K)
 Metaspace       used 28353K, committed 28800K, reserved 1114112K
  class space    used 3097K, committed 3328K, reserved 1048576K
}
Event: 2.249 GC heap after
{Heap after GC invocations=5 (full 0):
 garbage-first heap   total reserved 3080192K, committed 34816K, used 14040K [0x0000000744000000, 0x0000000800000000)
  region size 2048K, 2 young (4096K), 2 survivors (4096K)
 Metaspace       used 28353K, committed 28800K, reserved 1114112K
  class space    used 3097K, committed 3328K, reserved 1048576K
}
Event: 2.435 GC heap before
{Heap before GC invocations=5 (full 0):
 garbage-first heap   total reserved 3080192K, committed 34816K, used 26328K [0x0000000744000000, 0x0000000800000000)
  region size 2048K, 8 young (16384K), 2 survivors (4096K)
 Metaspace       used 29857K, committed 30208K, reserved 1114112K
  class space    used 3278K, committed 3456K, reserved 1048576K
}
Event: 2.438 GC heap after
{Heap after GC invocations=6 (full 0):
 garbage-first heap   total reserved 3080192K, committed 34816K, used 15738K [0x0000000744000000, 0x0000000800000000)
  region size 2048K, 1 young (2048K), 1 survivors (2048K)
 Metaspace       used 29857K, committed 30208K, reserved 1114112K
  class space    used 3278K, committed 3456K, reserved 1048576K
}
Event: 2.483 GC heap before
{Heap before GC invocations=6 (full 0):
 garbage-first heap   total reserved 3080192K, committed 34816K, used 28026K [0x0000000744000000, 0x0000000800000000)
  region size 2048K, 7 young (14336K), 1 survivors (2048K)
 Metaspace       used 29931K, committed 30336K, reserved 1114112K
  class space    used 3279K, committed 3456K, reserved 1048576K
}
Event: 2.486 GC heap after
{Heap after GC invocations=7 (full 0):
 garbage-first heap   total reserved 3080192K, committed 34816K, used 17558K [0x0000000744000000, 0x0000000800000000)
  region size 2048K, 1 young (2048K), 1 survivors (2048K)
 Metaspace       used 29931K, committed 30336K, reserved 1114112K
  class space    used 3279K, committed 3456K, reserved 1048576K
}
Event: 2.515 GC heap before
{Heap before GC invocations=7 (full 0):
 garbage-first heap   total reserved 3080192K, committed 34816K, used 27798K [0x0000000744000000, 0x0000000800000000)
  region size 2048K, 6 young (12288K), 1 survivors (2048K)
 Metaspace       used 29933K, committed 30336K, reserved 1114112K
  class space    used 3279K, committed 3456K, reserved 1048576K
}
Event: 2.518 GC heap after
{Heap after GC invocations=8 (full 0):
 garbage-first heap   total reserved 3080192K, committed 34816K, used 19470K [0x0000000744000000, 0x0000000800000000)
  region size 2048K, 1 young (2048K), 1 survivors (2048K)
 Metaspace       used 29933K, committed 30336K, reserved 1114112K
  class space    used 3279K, committed 3456K, reserved 1048576K
}
Event: 2.729 GC heap before
{Heap before GC invocations=9 (full 0):
 garbage-first heap   total reserved 3080192K, committed 34816K, used 25614K [0x0000000744000000, 0x0000000800000000)
  region size 2048K, 5 young (10240K), 1 survivors (2048K)
 Metaspace       used 31325K, committed 31808K, reserved 1114112K
  class space    used 3514K, committed 3712K, reserved 1048576K
}
Event: 2.732 GC heap after
{Heap after GC invocations=10 (full 0):
 garbage-first heap   total reserved 3080192K, committed 114688K, used 19960K [0x0000000744000000, 0x0000000800000000)
  region size 2048K, 1 young (2048K), 1 survivors (2048K)
 Metaspace       used 31325K, committed 31808K, reserved 1114112K
  class space    used 3514K, committed 3712K, reserved 1048576K
}
Event: 6.635 GC heap before
{Heap before GC invocations=10 (full 0):
 garbage-first heap   total reserved 3080192K, committed 114688K, used 83448K [0x0000000744000000, 0x0000000800000000)
  region size 2048K, 33 young (67584K), 1 survivors (2048K)
 Metaspace       used 46141K, committed 46848K, reserved 1114112K
  class space    used 5661K, committed 5952K, reserved 1048576K
}
Event: 6.642 GC heap after
{Heap after GC invocations=11 (full 0):
 garbage-first heap   total reserved 3080192K, committed 114688K, used 24018K [0x0000000744000000, 0x0000000800000000)
  region size 2048K, 3 young (6144K), 3 survivors (6144K)
 Metaspace       used 46141K, committed 46848K, reserved 1114112K
  class space    used 5661K, committed 5952K, reserved 1048576K
}

