<?xml version="1.0" encoding="UTF-8"?>
<!-- Generated by org.testng.reporters.JUnitReportReporter -->
<testsuite hostname="LAPTOP-1HCTVJB1" failures="0" tests="11" name="com.framework.api.runner.ApiTestRunner" time="12.707" errors="0" timestamp="2026-04-10T21:15:59 IST" skipped="0">
  <testcase classname="com.framework.api.runner.ApiTestRunner" name="runScenario" time="6.176"/>
  <system-out/>
  <testcase classname="com.framework.api.runner.ApiTestRunner" name="runScenario" time="0.571"/>
  <system-out/>
  <testcase classname="com.framework.api.runner.ApiTestRunner" name="runScenario" time="0.482"/>
  <system-out/>
  <testcase classname="com.framework.api.runner.ApiTestRunner" name="runScenario" time="0.655"/>
  <system-out/>
  <testcase classname="com.framework.api.runner.ApiTestRunner" name="runScenario" time="0.610"/>
  <system-out/>
  <testcase classname="com.framework.api.runner.ApiTestRunner" name="runScenario" time="0.468"/>
  <system-out/>
  <testcase classname="com.framework.api.runner.ApiTestRunner" name="runScenario" time="1.218"/>
  <system-out/>
  <testcase classname="com.framework.api.runner.ApiTestRunner" name="runScenario" time="0.515"/>
  <system-out/>
  <testcase classname="com.framework.api.runner.ApiTestRunner" name="runScenario" time="0.505"/>
  <system-out/>
  <testcase classname="com.framework.api.runner.ApiTestRunner" name="runScenario" time="0.936"/>
  <system-out/>
  <testcase classname="com.framework.api.runner.ApiTestRunner" name="runScenario" time="0.571"/>
  <system-out/>
</testsuite> <!-- com.framework.api.runner.ApiTestRunner -->
