<?xml version="1.0" encoding="UTF-8"?>
<!-- Generated by org.testng.reporters.JUnitReportReporter -->
<testsuite hostname="Tanya_PC" failures="0" tests="5" name="tests.UserApiTest" time="6.493" errors="0" timestamp="2026-03-27T14:19:00 IST" skipped="0">
  <testcase classname="tests.UserApiTest" name="createUserNegativeTest_missingEmail" time="0.503"/>
  <testcase classname="tests.UserApiTest" name="deleteUserNegativeTest_invalidUser" time="0.492"/>
  <testcase classname="tests.UserApiTest" name="updateUserTest" time="0.523"/>
  <testcase classname="tests.UserApiTest" name="deleteUserTest" time="0.534"/>
  <testcase classname="tests.UserApiTest" name="createUserTest" time="4.441"/>
</testsuite> <!-- tests.UserApiTest -->
