<?xml version="1.0" encoding="UTF-8"?>
<!-- Generated by org.testng.reporters.JUnitReportReporter -->
<testsuite hostname="Tanya_PC" failures="0" tests="11" name="com.framework.api.runner.ApiTestRunner" time="12.075" errors="0" timestamp="2026-04-10T20:01:00 IST" skipped="0">
  <testcase classname="com.framework.api.runner.ApiTestRunner" name="runScenario" time="0.575"/>
  <system-out/>
  <testcase classname="com.framework.api.runner.ApiTestRunner" name="runScenario" time="0.563"/>
  <system-out/>
  <testcase classname="com.framework.api.runner.ApiTestRunner" name="runScenario" time="4.868"/>
  <system-out/>
  <testcase classname="com.framework.api.runner.ApiTestRunner" name="runScenario" time="0.526"/>
  <system-out/>
  <testcase classname="com.framework.api.runner.ApiTestRunner" name="runScenario" time="0.392"/>
  <system-out/>
  <testcase classname="com.framework.api.runner.ApiTestRunner" name="runScenario" time="1.101"/>
  <system-out/>
  <testcase classname="com.framework.api.runner.ApiTestRunner" name="runScenario" time="0.550"/>
  <system-out/>
  <testcase classname="com.framework.api.runner.ApiTestRunner" name="runScenario" time="0.554"/>
  <system-out/>
  <testcase classname="com.framework.api.runner.ApiTestRunner" name="runScenario" time="0.454"/>
  <system-out/>
  <testcase classname="com.framework.api.runner.ApiTestRunner" name="runScenario" time="1.129"/>
  <system-out/>
  <testcase classname="com.framework.api.runner.ApiTestRunner" name="runScenario" time="1.363"/>
  <system-out/>
</testsuite> <!-- com.framework.api.runner.ApiTestRunner -->
