<?xml version="1.0" encoding="UTF-8"?>
<!-- Generated by org.testng.reporters.JUnitXMLReporter -->
<testsuite ignored="0" hostname="Tanya_PC" failures="3" tests="11" name="Default test" time="12.51" errors="0" timestamp="2026-04-10T12:45:16 IST">
  <testcase classname="io.cucumber.testng.AbstractTestNGCucumberTests" name="runScenario" time="4.456"/>
  <testcase classname="io.cucumber.testng.AbstractTestNGCucumberTests" name="runScenario" time="1.113"/>
  <testcase classname="io.cucumber.testng.AbstractTestNGCucumberTests" name="runScenario" time="1.49"/>
  <testcase classname="io.cucumber.testng.AbstractTestNGCucumberTests" name="runScenario" time="0.703"/>
  <testcase classname="io.cucumber.testng.AbstractTestNGCucumberTests" name="runScenario" time="0.767"/>
  <testcase classname="io.cucumber.testng.AbstractTestNGCucumberTests" name="runScenario" time="0.458">
    <failure type="java.lang.AssertionError" message="Should indicate successful user creation expected [true] but found [false]">
      <![CDATA[java.lang.AssertionError: Should indicate successful user creation expected [true] but found [false]
at org.testng.Assert.fail(Assert.java:99)
at org.testng.Assert.failNotEquals(Assert.java:1037)
at org.testng.Assert.assertTrue(Assert.java:45)
at com.framework.api.validator.ResponseValidator.validateUserCreationSchema(ResponseValidator.java:95)
at com.framework.api.stepdefinitions.TC3_CreateUserSteps.the_response_json_schema_should_be_valid_for_user_creation(TC3_CreateUserSteps.java:39)
at ✽.the response JSON schema should be valid for user creation(file:///E:/Veeva%20Prep/VeevaWorkspaceEclipse/SeleniumWebdriver/hybrid-framework/api-tests/src/test/resources/features/TC3_CreateUser.feature:15)
]]>
    </failure>
  </testcase> <!-- runScenario -->
  <testcase classname="io.cucumber.testng.AbstractTestNGCucumberTests" name="runScenario" time="0.604">
    <failure type="java.lang.AssertionError" message="Should indicate successful account deletion expected [true] but found [false]">
      <![CDATA[java.lang.AssertionError: Should indicate successful account deletion expected [true] but found [false]
at org.testng.Assert.fail(Assert.java:99)
at org.testng.Assert.failNotEquals(Assert.java:1037)
at org.testng.Assert.assertTrue(Assert.java:45)
at com.framework.api.validator.ResponseValidator.validateAccountDeletionSchema(ResponseValidator.java:113)
at com.framework.api.stepdefinitions.TC4_DeleteUserSteps.the_response_json_schema_should_be_valid_for_account_deletion(TC4_DeleteUserSteps.java:45)
at ✽.the response JSON schema should be valid for account deletion(file:///E:/Veeva%20Prep/VeevaWorkspaceEclipse/SeleniumWebdriver/hybrid-framework/api-tests/src/test/resources/features/TC4_DeleteUser.feature:15)
]]>
    </failure>
  </testcase> <!-- runScenario -->
  <testcase classname="io.cucumber.testng.AbstractTestNGCucumberTests" name="runScenario" time="0.504">
    <failure type="java.lang.AssertionError" message="Should indicate successful user update expected [true] but found [false]">
      <![CDATA[java.lang.AssertionError: Should indicate successful user update expected [true] but found [false]
at org.testng.Assert.fail(Assert.java:99)
at org.testng.Assert.failNotEquals(Assert.java:1037)
at org.testng.Assert.assertTrue(Assert.java:45)
at com.framework.api.validator.ResponseValidator.validateUserUpdateSchema(ResponseValidator.java:132)
at com.framework.api.stepdefinitions.TC5_UpdateUserSteps.the_response_json_schema_should_be_valid_for_user_update(TC5_UpdateUserSteps.java:45)
at ✽.the response JSON schema should be valid for user update(file:///E:/Veeva%20Prep/VeevaWorkspaceEclipse/SeleniumWebdriver/hybrid-framework/api-tests/src/test/resources/features/TC5_UpdateUser.feature:15)
]]>
    </failure>
  </testcase> <!-- runScenario -->
  <testcase classname="io.cucumber.testng.AbstractTestNGCucumberTests" name="runScenario" time="0.537"/>
  <testcase classname="io.cucumber.testng.AbstractTestNGCucumberTests" name="runScenario" time="0.465"/>
  <testcase classname="io.cucumber.testng.AbstractTestNGCucumberTests" name="runScenario" time="0.536"/>
</testsuite> <!-- Default test -->
