<?xml version="1.0" encoding="UTF-8"?>
<testng-results ignored="0" total="5" passed="4" failed="1" skipped="0">
  <reporter-output>
  </reporter-output>
  <suite started-at="2026-04-10T20:01:45 IST" name="UI Test Suite" finished-at="2026-04-10T20:02:30 IST" duration-ms="44993">
    <groups>
      <group name="cucumber">
        <method signature="AbstractTestNGCucumberTests.runScenario(io.cucumber.testng.PickleWrapper,io.cucumber.testng.FeatureWrapper)[pri:0, instance:runner.TestRunner@4722ef0c]" name="runScenario" class="io.cucumber.testng.AbstractTestNGCucumberTests"/>
      </group> <!-- cucumber -->
    </groups>
    <test started-at="2026-04-10T20:01:45 IST" name="UI Tests" finished-at="2026-04-10T20:02:30 IST" duration-ms="44993">
      <class name="runner.TestRunner">
        <test-method is-config="true" signature="setUpClass(org.testng.ITestContext)[pri:0, instance:runner.TestRunner@4722ef0c]" started-at="2026-04-10T20:01:45 IST" name="setUpClass" finished-at="2026-04-10T20:01:46 IST" duration-ms="699" status="PASS">
          <params>
            <param index="0">
              <value>
                <![CDATA[org.testng.TestRunner@6ca18a14]]>
              </value>
            </param>
          </params>
          <reporter-output>
          </reporter-output>
        </test-method> <!-- setUpClass -->
        <test-method signature="runScenario(io.cucumber.testng.PickleWrapper,io.cucumber.testng.FeatureWrapper)[pri:0, instance:runner.TestRunner@4722ef0c]" started-at="2026-04-10T20:01:46 IST" name="runScenario" description="Runs Cucumber Scenarios" data-provider="scenarios" finished-at="2026-04-10T20:02:30 IST" duration-ms="44201" status="PASS">
          <params>
            <param index="0">
              <value>
                <![CDATA["Add products to cart and verify details"]]>
              </value>
            </param>
            <param index="1">
              <value>
                <![CDATA["Add Products to Cart and Verify"]]>
              </value>
            </param>
          </params>
          <reporter-output>
          </reporter-output>
        </test-method> <!-- runScenario -->
        <test-method signature="runScenario(io.cucumber.testng.PickleWrapper,io.cucumber.testng.FeatureWrapper)[pri:0, instance:runner.TestRunner@4722ef0c]" started-at="2026-04-10T20:01:46 IST" name="runScenario" description="Runs Cucumber Scenarios" data-provider="scenarios" finished-at="2026-04-10T20:02:25 IST" duration-ms="39368" status="PASS">
          <params>
            <param index="0">
              <value>
                <![CDATA["User logs in and deletes account successfully"]]>
              </value>
            </param>
            <param index="1">
              <value>
                <![CDATA["Login and Delete Account"]]>
              </value>
            </param>
          </params>
          <reporter-output>
          </reporter-output>
        </test-method> <!-- runScenario -->
        <test-method signature="runScenario(io.cucumber.testng.PickleWrapper,io.cucumber.testng.FeatureWrapper)[pri:0, instance:runner.TestRunner@4722ef0c]" started-at="2026-04-10T20:01:46 IST" name="runScenario" description="Runs Cucumber Scenarios" data-provider="scenarios" finished-at="2026-04-10T20:02:02 IST" duration-ms="16796" status="FAIL">
          <params>
            <param index="0">
              <value>
                <![CDATA["Register successfully"]]>
              </value>
            </param>
            <param index="1">
              <value>
                <![CDATA["Register User"]]>
              </value>
            </param>
          </params>
          <exception class="java.lang.ArrayIndexOutOfBoundsException">
            <message>
              <![CDATA[Index 11 out of bounds for length 10]]>
            </message>
            <full-stacktrace>
              <![CDATA[java.lang.ArrayIndexOutOfBoundsException: Index 11 out of bounds for length 10
at java.base/java.util.ArrayList.add(ArrayList.java:485)
at java.base/java.util.ArrayList.add(ArrayList.java:497)
at com.aventstack.extentreports.AbstractProcessor.onSystemInfoAdded(AbstractProcessor.java:104)
at com.aventstack.extentreports.ExtentReports.setSystemInfo(ExtentReports.java:299)
at hooks.Hooks.setup(Hooks.java:34)
]]>
            </full-stacktrace>
          </exception> <!-- java.lang.ArrayIndexOutOfBoundsException -->
          <reporter-output>
          </reporter-output>
        </test-method> <!-- runScenario -->
        <test-method signature="runScenario(io.cucumber.testng.PickleWrapper,io.cucumber.testng.FeatureWrapper)[pri:0, instance:runner.TestRunner@4722ef0c]" started-at="2026-04-10T20:01:46 IST" name="runScenario" description="Runs Cucumber Scenarios" data-provider="scenarios" finished-at="2026-04-10T20:02:30 IST" duration-ms="44059" status="PASS">
          <params>
            <param index="0">
              <value>
                <![CDATA["Verify product removal from cart"]]>
              </value>
            </param>
            <param index="1">
              <value>
                <![CDATA["Cart Functionality"]]>
              </value>
            </param>
          </params>
          <reporter-output>
          </reporter-output>
        </test-method> <!-- runScenario -->
        <test-method signature="runScenario(io.cucumber.testng.PickleWrapper,io.cucumber.testng.FeatureWrapper)[pri:0, instance:runner.TestRunner@4722ef0c]" started-at="2026-04-10T20:01:46 IST" name="runScenario" description="Runs Cucumber Scenarios" data-provider="scenarios" finished-at="2026-04-10T20:02:23 IST" duration-ms="37566" status="PASS">
          <params>
            <param index="0">
              <value>
                <![CDATA["Login with incorrect credentials"]]>
              </value>
            </param>
            <param index="1">
              <value>
                <![CDATA["InvalidLogin"]]>
              </value>
            </param>
          </params>
          <reporter-output>
          </reporter-output>
        </test-method> <!-- runScenario -->
        <test-method is-config="true" signature="tearDownClass()[pri:0, instance:runner.TestRunner@4722ef0c]" started-at="2026-04-10T20:02:30 IST" name="tearDownClass" finished-at="2026-04-10T20:02:30 IST" duration-ms="35" status="PASS">
          <reporter-output>
          </reporter-output>
        </test-method> <!-- tearDownClass -->
      </class> <!-- runner.TestRunner -->
    </test> <!-- UI Tests -->
  </suite> <!-- UI Test Suite -->
</testng-results>
