<?xml version="1.0" encoding="UTF-8"?>
<testng-results ignored="0" total="5" passed="4" failed="1" skipped="0">
  <reporter-output>
  </reporter-output>
  <suite started-at="2026-04-10T22:30:21 GMT+05:30" name="UI Test Suite" finished-at="2026-04-10T22:30:56 GMT+05:30" duration-ms="35214">
    <groups>
      <group name="cucumber">
        <method signature="AbstractTestNGCucumberTests.runScenario(io.cucumber.testng.PickleWrapper,io.cucumber.testng.FeatureWrapper)[pri:0, instance:runner.TestRunner@40005471]" name="runScenario" class="io.cucumber.testng.AbstractTestNGCucumberTests"/>
      </group> <!-- cucumber -->
    </groups>
    <test started-at="2026-04-10T22:30:21 GMT+05:30" name="UI Tests" finished-at="2026-04-10T22:30:56 GMT+05:30" duration-ms="35214">
      <class name="runner.TestRunner">
        <test-method is-config="true" signature="setUpClass(org.testng.ITestContext)[pri:0, instance:runner.TestRunner@40005471]" started-at="2026-04-10T22:30:21 GMT+05:30" name="setUpClass" finished-at="2026-04-10T22:30:21 GMT+05:30" duration-ms="666" status="PASS">
          <params>
            <param index="0">
              <value>
                <![CDATA[org.testng.TestRunner@1f97cf0d]]>
              </value>
            </param>
          </params>
          <reporter-output>
          </reporter-output>
        </test-method> <!-- setUpClass -->
        <test-method signature="runScenario(io.cucumber.testng.PickleWrapper,io.cucumber.testng.FeatureWrapper)[pri:0, instance:runner.TestRunner@40005471]" started-at="2026-04-10T22:30:22 GMT+05:30" name="runScenario" description="Runs Cucumber Scenarios" data-provider="scenarios" finished-at="2026-04-10T22:30:48 GMT+05:30" duration-ms="26088" status="PASS">
          <params>
            <param index="0">
              <value>
                <![CDATA["Add products to cart and verify details"]]>
              </value>
            </param>
            <param index="1">
              <value>
                <![CDATA["Add Products to Cart and Verify"]]>
              </value>
            </param>
          </params>
          <reporter-output>
          </reporter-output>
        </test-method> <!-- runScenario -->
        <test-method signature="runScenario(io.cucumber.testng.PickleWrapper,io.cucumber.testng.FeatureWrapper)[pri:0, instance:runner.TestRunner@40005471]" started-at="2026-04-10T22:30:22 GMT+05:30" name="runScenario" description="Runs Cucumber Scenarios" data-provider="scenarios" finished-at="2026-04-10T22:30:45 GMT+05:30" duration-ms="23877" status="PASS">
          <params>
            <param index="0">
              <value>
                <![CDATA["User logs in and deletes account successfully"]]>
              </value>
            </param>
            <param index="1">
              <value>
                <![CDATA["Login and Delete Account"]]>
              </value>
            </param>
          </params>
          <reporter-output>
          </reporter-output>
        </test-method> <!-- runScenario -->
        <test-method signature="runScenario(io.cucumber.testng.PickleWrapper,io.cucumber.testng.FeatureWrapper)[pri:0, instance:runner.TestRunner@40005471]" started-at="2026-04-10T22:30:22 GMT+05:30" name="runScenario" description="Runs Cucumber Scenarios" data-provider="scenarios" finished-at="2026-04-10T22:30:45 GMT+05:30" duration-ms="23882" status="PASS">
          <params>
            <param index="0">
              <value>
                <![CDATA["Login with incorrect credentials"]]>
              </value>
            </param>
            <param index="1">
              <value>
                <![CDATA["InvalidLogin"]]>
              </value>
            </param>
          </params>
          <reporter-output>
          </reporter-output>
        </test-method> <!-- runScenario -->
        <test-method signature="runScenario(io.cucumber.testng.PickleWrapper,io.cucumber.testng.FeatureWrapper)[pri:0, instance:runner.TestRunner@40005471]" started-at="2026-04-10T22:30:22 GMT+05:30" name="runScenario" description="Runs Cucumber Scenarios" data-provider="scenarios" finished-at="2026-04-10T22:30:56 GMT+05:30" duration-ms="34473" status="PASS">
          <params>
            <param index="0">
              <value>
                <![CDATA["Register successfully"]]>
              </value>
            </param>
            <param index="1">
              <value>
                <![CDATA["Register User"]]>
              </value>
            </param>
          </params>
          <reporter-output>
          </reporter-output>
        </test-method> <!-- runScenario -->
        <test-method signature="runScenario(io.cucumber.testng.PickleWrapper,io.cucumber.testng.FeatureWrapper)[pri:0, instance:runner.TestRunner@40005471]" started-at="2026-04-10T22:30:22 GMT+05:30" name="runScenario" description="Runs Cucumber Scenarios" data-provider="scenarios" finished-at="2026-04-10T22:30:45 GMT+05:30" duration-ms="23882" status="FAIL">
          <params>
            <param index="0">
              <value>
                <![CDATA["Verify product removal from cart"]]>
              </value>
            </param>
            <param index="1">
              <value>
                <![CDATA["Cart Functionality"]]>
              </value>
            </param>
          </params>
          <exception class="org.openqa.selenium.ElementClickInterceptedException">
            <message>
              <![CDATA[element click intercepted: Element <a href="/view_cart">...</a> is not clickable at point (734, 40). Other element would receive the click: <div id="cartModal" class="modal show">...</div>
  (Session info: chrome=146.0.7680.178)
Build info: version: '4.18.1', revision: 'b1d3319b48'
System info: os.name: 'Windows 11', os.arch: 'amd64', os.version: '10.0', java.version: '21.0.9'
Driver info: org.openqa.selenium.chrome.ChromeDriver
Command: [ff3ace34cb5224dcebeeb6544dcea267, clickElement {id=f.9A32F8666FFE6EC0BCA70DFBB3E20E03.d.C63F1B924A66D0CB8C56960674D61381.e.160}]
Capabilities {acceptInsecureCerts: false, browserName: chrome, browserVersion: 146.0.7680.178, chrome: {chromedriverVersion: 146.0.7680.165 (4b989da09e1..., userDataDir: C:\Users\sailu\AppData\Loca...}, fedcm:accounts: true, goog:chromeOptions: {debuggerAddress: localhost:58801}, goog:processID: 15740, networkConnectionEnabled: false, pageLoadStrategy: normal, platformName: windows, proxy: Proxy(), se:cdp: ws://localhost:58801/devtoo..., se:cdpVersion: 146.0.7680.178, setWindowRect: true, strictFileInteractability: false, timeouts: {implicit: 0, pageLoad: 300000, script: 30000}, unhandledPromptBehavior: dismiss and notify, webauthn:extension:credBlob: true, webauthn:extension:largeBlob: true, webauthn:extension:minPinLength: true, webauthn:extension:prf: true, webauthn:virtualAuthenticators: true}
Element: [[ChromeDriver: chrome on windows (ff3ace34cb5224dcebeeb6544dcea267)] -> xpath: //a[@href='/view_cart']]
Session ID: ff3ace34cb5224dcebeeb6544dcea267]]>
            </message>
            <full-stacktrace>
              <![CDATA[org.openqa.selenium.ElementClickInterceptedException: element click intercepted: Element <a href="/view_cart">...</a> is not clickable at point (734, 40). Other element would receive the click: <div id="cartModal" class="modal show">...</div>
  (Session info: chrome=146.0.7680.178)
Build info: version: '4.18.1', revision: 'b1d3319b48'
System info: os.name: 'Windows 11', os.arch: 'amd64', os.version: '10.0', java.version: '21.0.9'
Driver info: org.openqa.selenium.chrome.ChromeDriver
Command: [ff3ace34cb5224dcebeeb6544dcea267, clickElement {id=f.9A32F8666FFE6EC0BCA70DFBB3E20E03.d.C63F1B924A66D0CB8C56960674D61381.e.160}]
Capabilities {acceptInsecureCerts: false, browserName: chrome, browserVersion: 146.0.7680.178, chrome: {chromedriverVersion: 146.0.7680.165 (4b989da09e1..., userDataDir: C:\Users\sailu\AppData\Loca...}, fedcm:accounts: true, goog:chromeOptions: {debuggerAddress: localhost:58801}, goog:processID: 15740, networkConnectionEnabled: false, pageLoadStrategy: normal, platformName: windows, proxy: Proxy(), se:cdp: ws://localhost:58801/devtoo..., se:cdpVersion: 146.0.7680.178, setWindowRect: true, strictFileInteractability: false, timeouts: {implicit: 0, pageLoad: 300000, script: 30000}, unhandledPromptBehavior: dismiss and notify, webauthn:extension:credBlob: true, webauthn:extension:largeBlob: true, webauthn:extension:minPinLength: true, webauthn:extension:prf: true, webauthn:virtualAuthenticators: true}
Element: [[ChromeDriver: chrome on windows (ff3ace34cb5224dcebeeb6544dcea267)] -> xpath: //a[@href='/view_cart']]
Session ID: ff3ace34cb5224dcebeeb6544dcea267
at java.base/jdk.internal.reflect.DirectConstructorHandleAccessor.newInstance(DirectConstructorHandleAccessor.java:62)
at java.base/java.lang.reflect.Constructor.newInstanceWithCaller(Constructor.java:502)
at java.base/java.lang.reflect.Constructor.newInstance(Constructor.java:486)
at org.openqa.selenium.remote.ErrorCodec.decode(ErrorCodec.java:167)
at org.openqa.selenium.remote.codec.w3c.W3CHttpResponseCodec.decode(W3CHttpResponseCodec.java:138)
at org.openqa.selenium.remote.codec.w3c.W3CHttpResponseCodec.decode(W3CHttpResponseCodec.java:50)
at org.openqa.selenium.remote.HttpCommandExecutor.execute(HttpCommandExecutor.java:190)
at org.openqa.selenium.remote.service.DriverCommandExecutor.invokeExecute(DriverCommandExecutor.java:216)
at org.openqa.selenium.remote.service.DriverCommandExecutor.execute(DriverCommandExecutor.java:174)
at org.openqa.selenium.remote.RemoteWebDriver.execute(RemoteWebDriver.java:519)
at org.openqa.selenium.remote.RemoteWebElement.execute(RemoteWebElement.java:223)
at org.openqa.selenium.remote.RemoteWebElement.click(RemoteWebElement.java:76)
at PageObjects.HomePage.clickCart(HomePage.java:24)
at stepdefinitions.TC5_RemoveFromCartSteps.user_clicks_cart_button(TC5_RemoveFromCartSteps.java:34)
at ✽.user clicks Cart button(file:///C:/Users/sailu/eclipse-workspace/HybridAutomation/UIAutomation/src/test/resources/Feature/RemoveFromCart.feature:10)
]]>
            </full-stacktrace>
          </exception> <!-- org.openqa.selenium.ElementClickInterceptedException -->
          <reporter-output>
          </reporter-output>
        </test-method> <!-- runScenario -->
        <test-method is-config="true" signature="tearDownClass()[pri:0, instance:runner.TestRunner@40005471]" started-at="2026-04-10T22:30:56 GMT+05:30" name="tearDownClass" finished-at="2026-04-10T22:30:56 GMT+05:30" duration-ms="26" status="PASS">
          <reporter-output>
          </reporter-output>
        </test-method> <!-- tearDownClass -->
      </class> <!-- runner.TestRunner -->
    </test> <!-- UI Tests -->
  </suite> <!-- UI Test Suite -->
</testng-results>
