<?xml version="1.0" encoding="UTF-8"?>
<!-- Generated by org.testng.reporters.JUnitReportReporter -->
<testsuite hostname="Tanya_PC" failures="0" tests="11" name="com.framework.api.runner.ApiTestRunner" time="9.638" errors="0" timestamp="2026-04-10T20:20:52 IST" skipped="0">
  <testcase classname="com.framework.api.runner.ApiTestRunner" name="runScenario" time="0.389"/>
  <system-out/>
  <testcase classname="com.framework.api.runner.ApiTestRunner" name="runScenario" time="1.015"/>
  <system-out/>
  <testcase classname="com.framework.api.runner.ApiTestRunner" name="runScenario" time="4.210"/>
  <system-out/>
  <testcase classname="com.framework.api.runner.ApiTestRunner" name="runScenario" time="1.006"/>
  <system-out/>
  <testcase classname="com.framework.api.runner.ApiTestRunner" name="runScenario" time="0.604"/>
  <system-out/>
  <testcase classname="com.framework.api.runner.ApiTestRunner" name="runScenario" time="0.357"/>
  <system-out/>
  <testcase classname="com.framework.api.runner.ApiTestRunner" name="runScenario" time="0.444"/>
  <system-out/>
  <testcase classname="com.framework.api.runner.ApiTestRunner" name="runScenario" time="0.383"/>
  <system-out/>
  <testcase classname="com.framework.api.runner.ApiTestRunner" name="runScenario" time="0.482"/>
  <system-out/>
  <testcase classname="com.framework.api.runner.ApiTestRunner" name="runScenario" time="0.388"/>
  <system-out/>
  <testcase classname="com.framework.api.runner.ApiTestRunner" name="runScenario" time="0.360"/>
  <system-out/>
</testsuite> <!-- com.framework.api.runner.ApiTestRunner -->
