<?xml version="1.0" encoding="UTF-8"?>
<!-- Generated by org.testng.reporters.JUnitReportReporter -->
<testsuite hostname="LAPTOP-1HCTVJB1" failures="0" tests="5" name="runner.TestRunner" time="132.202" errors="1" timestamp="2026-04-10T22:30:56 GMT+05:30" skipped="0">
  <testcase classname="runner.TestRunner" name="runScenario" time="26.088"/>
  <testcase classname="runner.TestRunner" name="runScenario" time="23.882">
    <error message="element click intercepted: Element &lt;a href=&quot;/view_cart&quot;&gt;...&lt;/a&gt; is not clickable at point (734, 40). Other element would receive the click: &lt;div id=&quot;cartModal&quot; class=&quot;modal show&quot;&gt;...&lt;/div&gt;
  (Session info: chrome=146.0.7680.178)
Build info: version: &#039;4.18.1&#039;, revision: &#039;b1d3319b48&#039;
System info: os.name: &#039;Windows 11&#039;, os.arch: &#039;amd64&#039;, os.version: &#039;10.0&#039;, java.version: &#039;21.0.9&#039;
Driver info: org.openqa.selenium.chrome.ChromeDriver
Command: [ff3ace34cb5224dcebeeb6544dcea267, clickElement {id=f.9A32F8666FFE6EC0BCA70DFBB3E20E03.d.C63F1B924A66D0CB8C56960674D61381.e.160}]
Capabilities {acceptInsecureCerts: false, browserName: chrome, browserVersion: 146.0.7680.178, chrome: {chromedriverVersion: 146.0.7680.165 (4b989da09e1..., userDataDir: C:\Users\sailu\AppData\Loca...}, fedcm:accounts: true, goog:chromeOptions: {debuggerAddress: localhost:58801}, goog:processID: 15740, networkConnectionEnabled: false, pageLoadStrategy: normal, platformName: windows, proxy: Proxy(), se:cdp: ws://localhost:58801/devtoo..., se:cdpVersion: 146.0.7680.178, setWindowRect: true, strictFileInteractability: false, timeouts: {implicit: 0, pageLoad: 300000, script: 30000}, unhandledPromptBehavior: dismiss and notify, webauthn:extension:credBlob: true, webauthn:extension:largeBlob: true, webauthn:extension:minPinLength: true, webauthn:extension:prf: true, webauthn:virtualAuthenticators: true}
Element: [[ChromeDriver: chrome on windows (ff3ace34cb5224dcebeeb6544dcea267)] -&gt; xpath: //a[@href=&#039;/view_cart&#039;]]
Session ID: ff3ace34cb5224dcebeeb6544dcea267" type="org.openqa.selenium.ElementClickInterceptedException">
      <![CDATA[org.openqa.selenium.ElementClickInterceptedException: element click intercepted: Element <a href="/view_cart">...</a> is not clickable at point (734, 40). Other element would receive the click: <div id="cartModal" class="modal show">...</div>
  (Session info: chrome=146.0.7680.178)
Build info: version: '4.18.1', revision: 'b1d3319b48'
System info: os.name: 'Windows 11', os.arch: 'amd64', os.version: '10.0', java.version: '21.0.9'
Driver info: org.openqa.selenium.chrome.ChromeDriver
Command: [ff3ace34cb5224dcebeeb6544dcea267, clickElement {id=f.9A32F8666FFE6EC0BCA70DFBB3E20E03.d.C63F1B924A66D0CB8C56960674D61381.e.160}]
Capabilities {acceptInsecureCerts: false, browserName: chrome, browserVersion: 146.0.7680.178, chrome: {chromedriverVersion: 146.0.7680.165 (4b989da09e1..., userDataDir: C:\Users\sailu\AppData\Loca...}, fedcm:accounts: true, goog:chromeOptions: {debuggerAddress: localhost:58801}, goog:processID: 15740, networkConnectionEnabled: false, pageLoadStrategy: normal, platformName: windows, proxy: Proxy(), se:cdp: ws://localhost:58801/devtoo..., se:cdpVersion: 146.0.7680.178, setWindowRect: true, strictFileInteractability: false, timeouts: {implicit: 0, pageLoad: 300000, script: 30000}, unhandledPromptBehavior: dismiss and notify, webauthn:extension:credBlob: true, webauthn:extension:largeBlob: true, webauthn:extension:minPinLength: true, webauthn:extension:prf: true, webauthn:virtualAuthenticators: true}
Element: [[ChromeDriver: chrome on windows (ff3ace34cb5224dcebeeb6544dcea267)] -> xpath: //a[@href='/view_cart']]
Session ID: ff3ace34cb5224dcebeeb6544dcea267
at java.base/jdk.internal.reflect.DirectConstructorHandleAccessor.newInstance(DirectConstructorHandleAccessor.java:62)
at java.base/java.lang.reflect.Constructor.newInstanceWithCaller(Constructor.java:502)
at java.base/java.lang.reflect.Constructor.newInstance(Constructor.java:486)
at org.openqa.selenium.remote.ErrorCodec.decode(ErrorCodec.java:167)
at org.openqa.selenium.remote.codec.w3c.W3CHttpResponseCodec.decode(W3CHttpResponseCodec.java:138)
at org.openqa.selenium.remote.codec.w3c.W3CHttpResponseCodec.decode(W3CHttpResponseCodec.java:50)
at org.openqa.selenium.remote.HttpCommandExecutor.execute(HttpCommandExecutor.java:190)
at org.openqa.selenium.remote.service.DriverCommandExecutor.invokeExecute(DriverCommandExecutor.java:216)
at org.openqa.selenium.remote.service.DriverCommandExecutor.execute(DriverCommandExecutor.java:174)
at org.openqa.selenium.remote.RemoteWebDriver.execute(RemoteWebDriver.java:519)
at org.openqa.selenium.remote.RemoteWebElement.execute(RemoteWebElement.java:223)
at org.openqa.selenium.remote.RemoteWebElement.click(RemoteWebElement.java:76)
at PageObjects.HomePage.clickCart(HomePage.java:24)
at stepdefinitions.TC5_RemoveFromCartSteps.user_clicks_cart_button(TC5_RemoveFromCartSteps.java:34)
at ✽.user clicks Cart button(file:///C:/Users/sailu/eclipse-workspace/HybridAutomation/UIAutomation/src/test/resources/Feature/RemoveFromCart.feature:10)
]]>
    </error>
  </testcase> <!-- runScenario -->
  <testcase classname="runner.TestRunner" name="runScenario" time="23.877"/>
  <testcase classname="runner.TestRunner" name="runScenario" time="23.882"/>
  <testcase classname="runner.TestRunner" name="runScenario" time="34.473"/>
</testsuite> <!-- runner.TestRunner -->
