<?xml version="1.0" encoding="UTF-8"?>
<!-- Generated by org.testng.reporters.JUnitReportReporter -->
<testsuite hostname="LAPTOP-1HCTVJB1" failures="0" tests="5" name="runner.TestRunner" time="204.873" errors="0" timestamp="2026-04-10T13:04:06 IST" skipped="0">
  <testcase classname="runner.TestRunner" name="runScenario" time="38.063"/>
  <testcase classname="runner.TestRunner" name="runScenario" time="36.698"/>
  <testcase classname="runner.TestRunner" name="runScenario" time="37.441"/>
  <testcase classname="runner.TestRunner" name="runScenario" time="53.145"/>
  <testcase classname="runner.TestRunner" name="runScenario" time="39.526"/>
</testsuite> <!-- runner.TestRunner -->
