<?xml version="1.0" encoding="UTF-8"?>
<!-- Generated by org.testng.reporters.JUnitReportReporter -->
<testsuite hostname="Tanya_PC" failures="0" tests="5" name="runner.TestRunner" time="181.990" errors="1" timestamp="2026-04-10T20:02:30 IST" skipped="0">
  <testcase classname="runner.TestRunner" name="runScenario" time="16.796">
    <error message="Index 11 out of bounds for length 10" type="java.lang.ArrayIndexOutOfBoundsException">
      <![CDATA[java.lang.ArrayIndexOutOfBoundsException: Index 11 out of bounds for length 10
at java.base/java.util.ArrayList.add(ArrayList.java:485)
at java.base/java.util.ArrayList.add(ArrayList.java:497)
at com.aventstack.extentreports.AbstractProcessor.onSystemInfoAdded(AbstractProcessor.java:104)
at com.aventstack.extentreports.ExtentReports.setSystemInfo(ExtentReports.java:299)
at hooks.Hooks.setup(Hooks.java:34)
]]>
    </error>
  </testcase> <!-- runScenario -->
  <testcase classname="runner.TestRunner" name="runScenario" time="44.059"/>
  <testcase classname="runner.TestRunner" name="runScenario" time="37.566"/>
  <testcase classname="runner.TestRunner" name="runScenario" time="39.368"/>
  <testcase classname="runner.TestRunner" name="runScenario" time="44.201"/>
</testsuite> <!-- runner.TestRunner -->
