<?xml version="1.0" encoding="UTF-8"?>
<!-- Generated by org.testng.reporters.JUnitReportReporter -->
<testsuite hostname="Tanya_PC" failures="0" tests="3" name="runner.TestRunner" time="129.776" errors="0" timestamp="2026-04-06T18:57:33 IST" skipped="0">
  <testcase classname="runner.TestRunner" name="runScenario" time="34.754"/>
  <testcase classname="runner.TestRunner" name="runScenario" time="42.408"/>
  <testcase classname="runner.TestRunner" name="runScenario" time="52.614"/>
</testsuite> <!-- runner.TestRunner -->
