<?xml version="1.0" encoding="UTF-8"?>
<testsuite xmlns:xsi="http://www.w3.org/2001/XMLSchema-instance" xsi:noNamespaceSchemaLocation="https://maven.apache.org/surefire/maven-surefire-plugin/xsd/surefire-test-report-3.0.xsd" version="3.0" name="TestSuite" time="11.197" tests="11" errors="0" skipped="0" failures="0">
  <properties>
[...]
</properties>
  <testcase name="runScenario[&quot;Get All Products List - TC1&quot;, &quot;TC1 - Get All Products List&quot;](1)" classname="com.framework.api.runner.ApiTestRunner" time="4.211">
    <system-out><![CDATA[
@TC1
Scenario: Get All Products List - TC1                            # src/test/resources/features/TC1_GetAllProducts.feature:11
  Given the API endpoint is available for products               # com.framework.api.stepdefinitions.CommonSteps.the_api_endpoint_is_available_for_products()
  When I make a GET request to "/api/productsList"               # com.framework.api.stepdefinitions.TC1_GetAllProductsSteps.i_make_a_get_request_to(java.lang.String)
  Then the response status code should be 200                    # com.framework.api.stepdefinitions.CommonSteps.the_response_status_code_should_be(int)
  And the response should contain a valid products list          # com.framework.api.stepdefinitions.CommonSteps.the_response_should_contain_a_valid_products_list()
  And the response JSON schema should be valid for products list # com.framework.api.stepdefinitions.CommonSteps.the_response_json_schema_should_be_valid_for_products_list()
  And the response code in body should be 200                    # com.framework.api.stepdefinitions.CommonSteps.the_response_code_in_body_should_be(int)
]]></system-out>
  </testcase>
  <testcase name="runScenario[&quot;Get Single Product Details by Search - TC2&quot;, &quot;TC2 - Get Single Product Details&quot;](2)" classname="com.framework.api.runner.ApiTestRunner" time="0.605">
    <system-out><![CDATA[
@TC2
Scenario: Get Single Product Details by Search - TC2                             # src/test/resources/features/TC2_GetSingleProduct.feature:11
  Given the API endpoint is available for products                               # com.framework.api.stepdefinitions.CommonSteps.the_api_endpoint_is_available_for_products()
  When I make a POST request to "/api/searchProduct" with search parameter "top" # com.framework.api.stepdefinitions.CommonSteps.i_make_a_post_request_to_with_search_parameter(java.lang.String,java.lang.String)
  Then the response status code should be 200                                    # com.framework.api.stepdefinitions.CommonSteps.the_response_status_code_should_be(int)
  And the response should contain searched products                              # com.framework.api.stepdefinitions.TC2_GetSingleProductSteps.the_response_should_contain_searched_products()
  And the response JSON schema should be valid for search results                # com.framework.api.stepdefinitions.CommonSteps.the_response_json_schema_should_be_valid_for_search_results()
  And the response code in body should be 200                                    # com.framework.api.stepdefinitions.CommonSteps.the_response_code_in_body_should_be(int)
]]></system-out>
  </testcase>
  <testcase name="runScenario[&quot;Get Single Product Details with Different Search Terms - TC2&quot;, &quot;TC2 - Get Single Product Details&quot;](3)" classname="com.framework.api.runner.ApiTestRunner" time="0.483">
    <system-out><![CDATA[
@TC2
Scenario Outline: Get Single Product Details with Different Search Terms - TC2   # src/test/resources/features/TC2_GetSingleProduct.feature:28
  Given the API endpoint is available for products                               # com.framework.api.stepdefinitions.CommonSteps.the_api_endpoint_is_available_for_products()
  When I make a POST request to "/api/searchProduct" with search parameter "top" # com.framework.api.stepdefinitions.CommonSteps.i_make_a_post_request_to_with_search_parameter(java.lang.String,java.lang.String)
  Then the response status code should be 200                                    # com.framework.api.stepdefinitions.CommonSteps.the_response_status_code_should_be(int)
  And the response should contain searched products for "top"                    # com.framework.api.stepdefinitions.TC2_GetSingleProductSteps.the_response_should_contain_searched_products_for(java.lang.String)
  And the response JSON schema should be valid for search results                # com.framework.api.stepdefinitions.CommonSteps.the_response_json_schema_should_be_valid_for_search_results()
  And the response code in body should be 200                                    # com.framework.api.stepdefinitions.CommonSteps.the_response_code_in_body_should_be(int)
]]></system-out>
  </testcase>
  <testcase name="runScenario[&quot;Get Single Product Details with Different Search Terms - TC2&quot;, &quot;TC2 - Get Single Product Details&quot;](4)" classname="com.framework.api.runner.ApiTestRunner" time="0.444">
    <system-out><![CDATA[
@TC2
Scenario Outline: Get Single Product Details with Different Search Terms - TC2      # src/test/resources/features/TC2_GetSingleProduct.feature:29
  Given the API endpoint is available for products                                  # com.framework.api.stepdefinitions.CommonSteps.the_api_endpoint_is_available_for_products()
  When I make a POST request to "/api/searchProduct" with search parameter "tshirt" # com.framework.api.stepdefinitions.CommonSteps.i_make_a_post_request_to_with_search_parameter(java.lang.String,java.lang.String)
  Then the response status code should be 200                                       # com.framework.api.stepdefinitions.CommonSteps.the_response_status_code_should_be(int)
  And the response should contain searched products for "tshirt"                    # com.framework.api.stepdefinitions.TC2_GetSingleProductSteps.the_response_should_contain_searched_products_for(java.lang.String)
  And the response JSON schema should be valid for search results                   # com.framework.api.stepdefinitions.CommonSteps.the_response_json_schema_should_be_valid_for_search_results()
  And the response code in body should be 200                                       # com.framework.api.stepdefinitions.CommonSteps.the_response_code_in_body_should_be(int)
]]></system-out>
  </testcase>
  <testcase name="runScenario[&quot;Get Single Product Details with Different Search Terms - TC2&quot;, &quot;TC2 - Get Single Product Details&quot;](5)" classname="com.framework.api.runner.ApiTestRunner" time="0.39">
    <system-out><![CDATA[
@TC2
Scenario Outline: Get Single Product Details with Different Search Terms - TC2    # src/test/resources/features/TC2_GetSingleProduct.feature:30
  Given the API endpoint is available for products                                # com.framework.api.stepdefinitions.CommonSteps.the_api_endpoint_is_available_for_products()
  When I make a POST request to "/api/searchProduct" with search parameter "jean" # com.framework.api.stepdefinitions.CommonSteps.i_make_a_post_request_to_with_search_parameter(java.lang.String,java.lang.String)
  Then the response status code should be 200                                     # com.framework.api.stepdefinitions.CommonSteps.the_response_status_code_should_be(int)
  And the response should contain searched products for "jean"                    # com.framework.api.stepdefinitions.TC2_GetSingleProductSteps.the_response_should_contain_searched_products_for(java.lang.String)
  And the response JSON schema should be valid for search results                 # com.framework.api.stepdefinitions.CommonSteps.the_response_json_schema_should_be_valid_for_search_results()
  And the response code in body should be 200                                     # com.framework.api.stepdefinitions.CommonSteps.the_response_code_in_body_should_be(int)
]]></system-out>
  </testcase>
  <testcase name="runScenario[&quot;Create New User Account - TC3&quot;, &quot;TC3 - Create User Account&quot;](6)" classname="com.framework.api.runner.ApiTestRunner" time="1.007">
    <system-out><![CDATA[
@TC3
Scenario: Create New User Account - TC3                                                         # src/test/resources/features/TC3_CreateUser.feature:11
  Given the API endpoint is available for user account operations                               # com.framework.api.stepdefinitions.CommonSteps.the_api_endpoint_is_available_for_user_account_operations()
  When I make a POST request to "/api/createAccount" with valid user details from configuration # com.framework.api.stepdefinitions.TC3_CreateUserSteps.i_make_a_post_request_to_with_valid_user_details_from_configuration(java.lang.String)
  Then the response status code should be 200                                                   # com.framework.api.stepdefinitions.CommonSteps.the_response_status_code_should_be(int)
  And the response message should be "Email already exists!"                                    # com.framework.api.stepdefinitions.CommonSteps.the_response_message_should_be(java.lang.String)
  And the response JSON schema should be valid for user creation                                # com.framework.api.stepdefinitions.TC3_CreateUserSteps.the_response_json_schema_should_be_valid_for_user_creation()
  And the response code in body should be 400                                                   # com.framework.api.stepdefinitions.CommonSteps.the_response_code_in_body_should_be(int)
]]></system-out>
  </testcase>
  <testcase name="runScenario[&quot;Delete User Account - TC4&quot;, &quot;TC4 - Delete User Account&quot;](7)" classname="com.framework.api.runner.ApiTestRunner" time="1.016">
    <system-out><![CDATA[
@TC4
Scenario: Delete User Account - TC4                                                             # src/test/resources/features/TC4_DeleteUser.feature:11
  Given the API endpoint is available for user account operations                               # com.framework.api.stepdefinitions.CommonSteps.the_api_endpoint_is_available_for_user_account_operations()
  When I make a DELETE request to "/api/deleteAccount" with user credentials from configuration # com.framework.api.stepdefinitions.TC4_DeleteUserSteps.i_make_a_delete_request_to_with_user_credentials_from_configuration(java.lang.String)
  Then the response status code should be 200                                                   # com.framework.api.stepdefinitions.CommonSteps.the_response_status_code_should_be(int)
  And the response message should be "Account not found!"                                       # com.framework.api.stepdefinitions.CommonSteps.the_response_message_should_be(java.lang.String)
  And the response JSON schema should be valid for account deletion                             # com.framework.api.stepdefinitions.TC4_DeleteUserSteps.the_response_json_schema_should_be_valid_for_account_deletion()
  And the response code in body should be 404                                                   # com.framework.api.stepdefinitions.CommonSteps.the_response_code_in_body_should_be(int)
]]></system-out>
  </testcase>
  <testcase name="runScenario[&quot;Update User Account - TC5&quot;, &quot;TC5 - Update User Account&quot;](8)" classname="com.framework.api.runner.ApiTestRunner" time="0.389">
    <system-out><![CDATA[
@TC5
Scenario: Update User Account - TC5                                                              # src/test/resources/features/TC5_UpdateUser.feature:11
  Given the API endpoint is available for user account operations                                # com.framework.api.stepdefinitions.CommonSteps.the_api_endpoint_is_available_for_user_account_operations()
  When I make a PUT request to "/api/updateAccount" with updated user details from configuration # com.framework.api.stepdefinitions.TC5_UpdateUserSteps.i_make_a_put_request_to_with_updated_user_details_from_configuration(java.lang.String)
  Then the response status code should be 200                                                    # com.framework.api.stepdefinitions.CommonSteps.the_response_status_code_should_be(int)
  And the response message should be "Account not found!"                                        # com.framework.api.stepdefinitions.CommonSteps.the_response_message_should_be(java.lang.String)
  And the response JSON schema should be valid for user update                                   # com.framework.api.stepdefinitions.TC5_UpdateUserSteps.the_response_json_schema_should_be_valid_for_user_update()
  And the response code in body should be 404                                                    # com.framework.api.stepdefinitions.CommonSteps.the_response_code_in_body_should_be(int)
]]></system-out>
  </testcase>
  <testcase name="runScenario[&quot;Negative Validation - Invalid Email - TC6&quot;, &quot;TC6 - Negative Validation&quot;](9)" classname="com.framework.api.runner.ApiTestRunner" time="0.361">
    <system-out><![CDATA[
@TC6
Scenario: Negative Validation - Invalid Email - TC6                                        # src/test/resources/features/TC6_NegativeValidation.feature:11
  Given the API endpoint is available for user account operations                          # com.framework.api.stepdefinitions.CommonSteps.the_api_endpoint_is_available_for_user_account_operations()
  When I make a POST request to "/api/createAccount" with invalid email from configuration # com.framework.api.stepdefinitions.TC6_NegativeValidationSteps.i_make_a_post_request_to_with_invalid_email_from_configuration(java.lang.String)
  Then the response status code should be 200                                              # com.framework.api.stepdefinitions.CommonSteps.the_response_status_code_should_be(int)
  And the response should contain error message about invalid email                        # com.framework.api.stepdefinitions.TC6_NegativeValidationSteps.the_response_should_contain_error_message_about_invalid_email()
  And the response JSON schema should be valid for error response                          # com.framework.api.stepdefinitions.CommonSteps.the_response_json_schema_should_be_valid_for_error_response()
]]></system-out>
  </testcase>
  <testcase name="runScenario[&quot;Negative Validation - Missing Required Fields - TC6&quot;, &quot;TC6 - Negative Validation&quot;](10)" classname="com.framework.api.runner.ApiTestRunner" time="0.384">
    <system-out><![CDATA[
@TC6
Scenario: Negative Validation - Missing Required Fields - TC6                     # src/test/resources/features/TC6_NegativeValidation.feature:18
  Given the API endpoint is available for user account operations                 # com.framework.api.stepdefinitions.CommonSteps.the_api_endpoint_is_available_for_user_account_operations()
  When I make a POST request to "/api/createAccount" with missing required fields # com.framework.api.stepdefinitions.TC6_NegativeValidationSteps.i_make_a_post_request_to_with_missing_required_fields(java.lang.String,io.cucumber.datatable.DataTable)
    | name    | email   | password | title   | birth_date | birth_month | birth_year | firstname | lastname | company | address1 | country | zipcode | state   | city    | mobile_number |
    | [empty] | [empty] | [empty]  | [empty] | [empty]    | [empty]     | [empty]    | [empty]   | [empty]  | [empty] | [empty]  | [empty] | [empty] | [empty] | [empty] | [empty]       |
  Then the response status code should be 200                                     # com.framework.api.stepdefinitions.CommonSteps.the_response_status_code_should_be(int)
  And the response should contain error message about email already exists        # com.framework.api.stepdefinitions.TC6_NegativeValidationSteps.the_response_should_contain_error_message_about_email_already_exists()
  And the response JSON schema should be valid for error response                 # com.framework.api.stepdefinitions.CommonSteps.the_response_json_schema_should_be_valid_for_error_response()
]]></system-out>
  </testcase>
  <testcase name="runScenario[&quot;Negative Validation - Invalid Search Parameter - TC6&quot;, &quot;TC6 - Negative Validation&quot;](11)" classname="com.framework.api.runner.ApiTestRunner" time="0.357">
    <system-out><![CDATA[
@TC6
Scenario: Negative Validation - Invalid Search Parameter - TC6                                     # src/test/resources/features/TC6_NegativeValidation.feature:27
  Given the API endpoint is available for user account operations                                  # com.framework.api.stepdefinitions.CommonSteps.the_api_endpoint_is_available_for_user_account_operations()
  When I make a POST request to "/api/searchProduct" with search parameter "nonexistentproduct123" # com.framework.api.stepdefinitions.CommonSteps.i_make_a_post_request_to_with_search_parameter(java.lang.String,java.lang.String)
  Then the response status code should be 200                                                      # com.framework.api.stepdefinitions.CommonSteps.the_response_status_code_should_be(int)
  And the response should contain empty search results                                             # com.framework.api.stepdefinitions.TC6_NegativeValidationSteps.the_response_should_contain_empty_search_results()
  And the response JSON schema should be valid for search results                                  # com.framework.api.stepdefinitions.CommonSteps.the_response_json_schema_should_be_valid_for_search_results()
]]></system-out>
  </testcase>
</testsuite>